e:\opengl\amd\samples\estriangle\debug\vc120.pdb
e:\opengl\amd\samples\estriangle\debug\vc120.idb
e:\opengl\amd\samples\estriangle\debug\bitmapdatas.obj
e:\opengl\amd\samples\estriangle\debug\camera3d.obj
e:\opengl\amd\samples\estriangle\debug\json_reader.obj
e:\opengl\amd\samples\estriangle\debug\json_value.obj
e:\opengl\amd\samples\estriangle\debug\json_writer.obj
e:\opengl\amd\samples\estriangle\debug\fileutils.obj
e:\opengl\amd\samples\estriangle\debug\fps.obj
e:\opengl\amd\samples\estriangle\debug\memory.obj
e:\opengl\amd\samples\estriangle\debug\pngutil.obj
e:\opengl\amd\samples\estriangle\debug\stringutils.obj
e:\opengl\amd\samples\estriangle\debug\timeutil.obj
e:\opengl\amd\samples\estriangle\debug\animdata.obj
e:\opengl\amd\samples\estriangle\debug\meshdata.obj
e:\opengl\amd\samples\estriangle\debug\objdata.obj
e:\opengl\amd\samples\estriangle\debug\particleballdata.obj
e:\opengl\amd\samples\estriangle\debug\gl_code.obj
e:\opengl\amd\samples\estriangle\debug\misc.obj
e:\opengl\amd\samples\estriangle\debug\main.obj
e:\opengl\amd\samples\estriangle\debug\scaleanim.obj
e:\opengl\amd\samples\estriangle\debug\scalechange.obj
e:\opengl\amd\samples\estriangle\debug\scalenoise.obj
e:\opengl\amd\samples\estriangle\debug\selfrotation.obj
e:\opengl\amd\samples\estriangle\debug\display3dparticle.obj
e:\opengl\amd\samples\estriangle\debug\frametimeutils.obj
e:\opengl\amd\samples\estriangle\debug\particleanimframevo.obj
e:\opengl\amd\samples\estriangle\debug\particleanimvo.obj
e:\opengl\amd\samples\estriangle\debug\particledisplayvo.obj
e:\opengl\amd\samples\estriangle\debug\particleitemvo.obj
e:\opengl\amd\samples\estriangle\debug\particlemanager.obj
e:\opengl\amd\samples\estriangle\debug\particletimeline.obj
e:\opengl\amd\samples\estriangle\debug\particlevo.obj
e:\opengl\amd\samples\estriangle\debug\typevalue.obj
e:\opengl\amd\samples\estriangle\debug\programmanager.obj
e:\opengl\amd\samples\estriangle\debug\scenedata.obj
e:\opengl\amd\samples\estriangle\debug\texturemanager.obj
e:\opengl\amd\samples\estriangle\debug\bindattrib.obj
e:\opengl\amd\samples\estriangle\debug\display3dgrid.obj
e:\opengl\amd\samples\estriangle\debug\interactiveinput.obj
e:\opengl\amd\samples\estriangle\debug\avatarlayer.obj
e:\opengl\amd\samples\estriangle\debug\baselayer.obj
e:\opengl\amd\samples\estriangle\debug\geomlayer.obj
e:\opengl\amd\samples\estriangle\debug\maplayer.obj
e:\opengl\amd\samples\estriangle\debug\uilayer.obj
e:\opengl\amd\samples\estriangle\debug\logtrace.obj
e:\opengl\amd\samples\estriangle\debug\core.obj
e:\opengl\amd\samples\estriangle\debug\combineparticle.obj
e:\opengl\amd\samples\estriangle\debug\axismove.obj
e:\opengl\amd\samples\estriangle\debug\axisrotaion.obj
e:\opengl\amd\samples\estriangle\debug\baseanim.obj
e:\opengl\amd\samples\estriangle\debug\centrifugal.obj
e:\opengl\amd\samples\estriangle\debug\colorchange.obj
e:\opengl\amd\samples\estriangle\debug\colortransition.obj
e:\opengl\amd\samples\estriangle\debug\animmanager.obj
e:\opengl\amd\samples\estriangle\debug\meshmanager.obj
e:\opengl\amd\samples\estriangle\debug\display3d.obj
e:\opengl\amd\samples\estriangle\debug\display3dmovie.obj
e:\opengl\amd\samples\estriangle\debug\display3dstaticmesh.obj
e:\opengl\amd\samples\estriangle\debug\display3dui.obj
e:\opengl\amd\samples\estriangle\debug\engine.obj
e:\opengl\amd\samples\estriangle\debug\display3dmap.obj
e:\opengl\amd\samples\estriangle\debug\display3daxis.obj
e:\opengl\amd\samples\estriangle\debug\display3dcube.obj
e:\opengl\amd\samples\estriangle\debug\layermanager.obj
e:\opengl\amd\samples\estriangle\debug\display3dballparticle.obj
e:\opengl\amd\samples\estriangle\debug\display3dfaceparticle.obj
e:\opengl\amd\samples\estriangle\debug\gamephone.obj
e:\opengl\amd\samples\estriangle\debug\uicontrol.obj
e:\opengl\amd\samples\estriangle\debug\pngtrans.obj
e:\opengl\amd\samples\estriangle\debug\pngvcrd.obj
e:\opengl\amd\samples\estriangle\debug\pngwio.obj
e:\opengl\amd\samples\estriangle\debug\pngwrite.obj
e:\opengl\amd\samples\estriangle\debug\pngwtran.obj
e:\opengl\amd\samples\estriangle\debug\pngwutil.obj
e:\opengl\amd\samples\estriangle\debug\adler32.obj
e:\opengl\amd\samples\estriangle\debug\compress.obj
e:\opengl\amd\samples\estriangle\debug\crc32.obj
e:\opengl\amd\samples\estriangle\debug\deflate.obj
e:\opengl\amd\samples\estriangle\debug\gzio.obj
e:\opengl\amd\samples\estriangle\debug\infback.obj
e:\opengl\amd\samples\estriangle\debug\inffast.obj
e:\opengl\amd\samples\estriangle\debug\inflate.obj
e:\opengl\amd\samples\estriangle\debug\inftrees.obj
e:\opengl\amd\samples\estriangle\debug\ioapi.obj
e:\opengl\amd\samples\estriangle\debug\trees.obj
e:\opengl\amd\samples\estriangle\debug\uncompr.obj
e:\opengl\amd\samples\estriangle\debug\unzip.obj
e:\opengl\amd\samples\estriangle\debug\zutil.obj
e:\opengl\amd\samples\estriangle\debug\png.obj
e:\opengl\amd\samples\estriangle\debug\pngerror.obj
e:\opengl\amd\samples\estriangle\debug\pnggccrd.obj
e:\opengl\amd\samples\estriangle\debug\pngget.obj
e:\opengl\amd\samples\estriangle\debug\pngmem.obj
e:\opengl\amd\samples\estriangle\debug\pngpread.obj
e:\opengl\amd\samples\estriangle\debug\pngread.obj
e:\opengl\amd\samples\estriangle\debug\pngrio.obj
e:\opengl\amd\samples\estriangle\debug\pngrtran.obj
e:\opengl\amd\samples\estriangle\debug\pngrutil.obj
e:\opengl\amd\samples\estriangle\debug\pngset.obj
e:\opengl\amd\samples\estriangle\debug\estriangle.pdb
e:\opengl\amd\samples\estriangle\debug\estriangle.tlog\cl.command.1.tlog
e:\opengl\amd\samples\estriangle\debug\estriangle.tlog\cl.read.1.tlog
e:\opengl\amd\samples\estriangle\debug\estriangle.tlog\cl.write.1.tlog
e:\opengl\amd\samples\estriangle\debug\estriangle.tlog\link-cvtres.read.1.tlog
e:\opengl\amd\samples\estriangle\debug\estriangle.tlog\link-cvtres.write.1.tlog
e:\opengl\amd\samples\estriangle\debug\estriangle.tlog\link-rc.read.1.tlog
e:\opengl\amd\samples\estriangle\debug\estriangle.tlog\link-rc.write.1.tlog
e:\opengl\amd\samples\estriangle\debug\estriangle.tlog\link.command.1.tlog
e:\opengl\amd\samples\estriangle\debug\estriangle.tlog\link.read.1.tlog
e:\opengl\amd\samples\estriangle\debug\estriangle.tlog\link.write.1.tlog
